<?xml version="1.0" encoding="UTF-8"?>
<testsuite xmlns:xsi="http://www.w3.org/2001/XMLSchema-instance" xsi:noNamespaceSchemaLocation="https://maven.apache.org/surefire/maven-surefire-plugin/xsd/surefire-test-report-3.0.xsd" version="3.0" name="rpo.finance.software.FinanceApplicationTests" time="5.047" tests="1" errors="0" skipped="0" failures="0">
  <properties>
[...]
</properties>
  <testcase name="contextLoads" classname="rpo.finance.software.FinanceApplicationTests" time="0.009">
    <system-out><![CDATA[22:36:18.300 [main] INFO org.springframework.test.context.support.AnnotationConfigContextLoaderUtils -- Could not detect default configuration classes for test class [rpo.finance.software.FinanceApplicationTests]: FinanceApplicationTests does not declare any static, non-private, non-final, nested classes annotated with @Configuration.
22:36:18.496 [main] INFO org.springframework.boot.test.context.SpringBootTestContextBootstrapper -- Found @SpringBootConfiguration rpo.finance.software.FinanceApplication for test class rpo.finance.software.FinanceApplicationTests

  .   ____          _            __ _ _
 /\\ / ___'_ __ _ _(_)_ __  __ _ \ \ \ \
( ( )\___ | '_ | '_| | '_ \/ _` | \ \ \ \
 \\/  ___)| |_)| | | | | || (_| |  ) ) ) )
  '  |____| .__|_| |_|_| |_\__, | / / / /
 =========|_|==============|___/=/_/_/_/
 :: Spring Boot ::                (v3.1.3)

2024-11-19T22:36:19.096+03:00  INFO 108925 --- [           main] r.f.software.FinanceApplicationTests     : Starting FinanceApplicationTests using Java 19.0.2 with PID 108925 (started by karam in /home/karam/Codes/finance_software/backend)
2024-11-19T22:36:19.098+03:00  INFO 108925 --- [           main] r.f.software.FinanceApplicationTests     : No active profile set, falling back to 1 default profile: "default"
2024-11-19T22:36:20.189+03:00  INFO 108925 --- [           main] .s.d.r.c.RepositoryConfigurationDelegate : Bootstrapping Spring Data JPA repositories in DEFAULT mode.
2024-11-19T22:36:20.244+03:00  INFO 108925 --- [           main] .s.d.r.c.RepositoryConfigurationDelegate : Finished Spring Data repository scanning in 48 ms. Found 1 JPA repository interfaces.
2024-11-19T22:36:20.736+03:00  INFO 108925 --- [           main] o.f.c.internal.license.VersionPrinter    : Flyway Community Edition 9.16.3 by Redgate
2024-11-19T22:36:20.736+03:00  INFO 108925 --- [           main] o.f.c.internal.license.VersionPrinter    : See release notes here: https://rd.gt/416ObMi
2024-11-19T22:36:20.736+03:00  INFO 108925 --- [           main] o.f.c.internal.license.VersionPrinter    : 
2024-11-19T22:36:20.743+03:00  INFO 108925 --- [           main] com.zaxxer.hikari.HikariDataSource       : HikariPool-1 - Starting...
2024-11-19T22:36:21.076+03:00  INFO 108925 --- [           main] com.zaxxer.hikari.pool.HikariPool        : HikariPool-1 - Added connection org.postgresql.jdbc.PgConnection@5a205ee5
2024-11-19T22:36:21.077+03:00  INFO 108925 --- [           main] com.zaxxer.hikari.HikariDataSource       : HikariPool-1 - Start completed.
2024-11-19T22:36:21.090+03:00  INFO 108925 --- [           main] o.f.c.i.database.base.BaseDatabaseType   : Database: jdbc:postgresql://localhost:5432/finance_software (PostgreSQL 14.13)
2024-11-19T22:36:21.116+03:00  INFO 108925 --- [           main] o.f.core.internal.command.DbValidate     : Successfully validated 1 migration (execution time 00:00.012s)
2024-11-19T22:36:21.161+03:00  INFO 108925 --- [           main] o.f.core.internal.command.DbMigrate      : Current version of schema "public": 1
2024-11-19T22:36:21.162+03:00  INFO 108925 --- [           main] o.f.core.internal.command.DbMigrate      : Schema "public" is up to date. No migration necessary.
2024-11-19T22:36:21.260+03:00  INFO 108925 --- [           main] o.hibernate.jpa.internal.util.LogHelper  : HHH000204: Processing PersistenceUnitInfo [name: default]
2024-11-19T22:36:21.310+03:00  INFO 108925 --- [           main] org.hibernate.Version                    : HHH000412: Hibernate ORM core version 6.2.7.Final
2024-11-19T22:36:21.313+03:00  INFO 108925 --- [           main] org.hibernate.cfg.Environment            : HHH000406: Using bytecode reflection optimizer
2024-11-19T22:36:21.419+03:00  INFO 108925 --- [           main] o.h.b.i.BytecodeProviderInitiator        : HHH000021: Bytecode provider name : bytebuddy
2024-11-19T22:36:21.425+03:00  INFO 108925 --- [           main] o.s.o.j.p.SpringPersistenceUnitInfo      : No LoadTimeWeaver setup: ignoring JPA class transformer
2024-11-19T22:36:21.665+03:00  INFO 108925 --- [           main] o.h.b.i.BytecodeProviderInitiator        : HHH000021: Bytecode provider name : bytebuddy
2024-11-19T22:36:22.171+03:00  INFO 108925 --- [           main] o.h.e.t.j.p.i.JtaPlatformInitiator       : HHH000490: Using JtaPlatform implementation: [org.hibernate.engine.transaction.jta.platform.internal.NoJtaPlatform]
2024-11-19T22:36:22.174+03:00  INFO 108925 --- [           main] j.LocalContainerEntityManagerFactoryBean : Initialized JPA EntityManagerFactory for persistence unit 'default'
2024-11-19T22:36:22.524+03:00  WARN 108925 --- [           main] JpaBaseConfiguration$JpaWebConfiguration : spring.jpa.open-in-view is enabled by default. Therefore, database queries may be performed during view rendering. Explicitly configure spring.jpa.open-in-view to disable this warning
2024-11-19T22:36:22.550+03:00  WARN 108925 --- [           main] .s.s.UserDetailsServiceAutoConfiguration : 

Using generated security password: 1c49c5c9-dd31-46a4-be47-b23126f2f001

This generated password is for development use only. Your security configuration must be updated before running your application in production.

2024-11-19T22:36:22.623+03:00  INFO 108925 --- [           main] o.s.s.web.DefaultSecurityFilterChain     : Will secure any request with [org.springframework.security.web.session.DisableEncodeUrlFilter@62c02089, org.springframework.security.web.context.request.async.WebAsyncManagerIntegrationFilter@3359217d, org.springframework.security.web.context.SecurityContextHolderFilter@78b293a, org.springframework.security.web.header.HeaderWriterFilter@3021e31, org.springframework.security.web.authentication.logout.LogoutFilter@2553fbd0, org.springframework.security.web.authentication.www.BasicAuthenticationFilter@25f67aea, org.springframework.security.web.savedrequest.RequestCacheAwareFilter@5b166420, org.springframework.security.web.servletapi.SecurityContextHolderAwareRequestFilter@31b4c003, org.springframework.security.web.authentication.AnonymousAuthenticationFilter@25ee3cd6, org.springframework.security.web.access.ExceptionTranslationFilter@1dd4c691, org.springframework.security.web.access.intercept.AuthorizationFilter@50ac63b2]
2024-11-19T22:36:23.040+03:00  INFO 108925 --- [           main] r.f.software.FinanceApplicationTests     : Started FinanceApplicationTests in 4.24 seconds (process running for 7.037)
]]></system-out>
  </testcase>
</testsuite>